[2017-12-19 09:09:28] event.DEBUG: Notified event "kernel.request" to listener "Symfony\Bundle\FrameworkBundle\EventListener\SessionListener::onKernelRequest". [] []
[2017-12-19 09:09:28] event.DEBUG: Notified event "kernel.request" to listener "Symfony\Component\HttpKernel\EventListener\FragmentListener::onKernelRequest". [] []
[2017-12-19 09:09:28] event.DEBUG: Notified event "kernel.request" to listener "Symfony\Component\HttpKernel\EventListener\RouterListener::onKernelRequest". [] []
[2017-12-19 09:09:28] event.DEBUG: Notified event "kernel.exception" to listener "TroubleticketBundle\EventListener\ErrorHandlerListener::onKernelException". [] []
[2017-12-19 09:09:28] event.DEBUG: Notified event "kernel.exception" to listener "Symfony\Component\HttpKernel\EventListener\ExceptionListener::onKernelException". [] []
[2017-12-19 09:09:28] request.ERROR: Uncaught PHP Exception Symfony\Component\HttpKernel\Exception\NotFoundHttpException: "No route found for "GET /vogel/web/rest/colaborador/312"" at /var/www/html/vendor/symfony/symfony/src/Symfony/Component/HttpKernel/EventListener/RouterListener.php line 115 {"exception":"[object] (Symfony\\Component\\HttpKernel\\Exception\\NotFoundHttpException(code: 0): No route found for \"GET /vogel/web/rest/colaborador/312\" at /var/www/html/vendor/symfony/symfony/src/Symfony/Component/HttpKernel/EventListener/RouterListener.php:115, Symfony\\Component\\Routing\\Exception\\ResourceNotFoundException(code: 0):  at /var/www/html/app/cache/prod/appProdUrlMatcher.php:936)"} []
[2017-12-19 09:09:28] event.DEBUG: Notified event "kernel.request" to listener "closure". [] []
[2017-12-19 09:09:28] event.DEBUG: Notified event "kernel.request" to listener "Symfony\Bundle\FrameworkBundle\EventListener\SessionListener::onKernelRequest". [] []
[2017-12-19 09:09:28] event.DEBUG: Notified event "kernel.request" to listener "closure". [] []
[2017-12-19 09:09:28] event.DEBUG: Notified event "kernel.request" to listener "Symfony\Component\HttpKernel\EventListener\FragmentListener::onKernelRequest". [] []
[2017-12-19 09:09:28] event.DEBUG: Notified event "kernel.request" to listener "closure". [] []
[2017-12-19 09:09:28] event.DEBUG: Notified event "kernel.request" to listener "Symfony\Component\HttpKernel\EventListener\RouterListener::onKernelRequest". [] []
[2017-12-19 09:09:28] event.DEBUG: Notified event "kernel.request" to listener "closure". [] []
[2017-12-19 09:09:28] event.DEBUG: Notified event "kernel.request" to listener "Symfony\Component\HttpKernel\EventListener\LocaleListener::onKernelRequest". [] []
[2017-12-19 09:09:28] event.DEBUG: Notified event "kernel.request" to listener "closure". [] []
[2017-12-19 09:09:28] event.DEBUG: Notified event "kernel.request" to listener "Symfony\Component\Security\Http\Firewall::onKernelRequest". [] []
[2017-12-19 09:09:28] event.DEBUG: Notified event "kernel.request" to listener "closure". [] []
[2017-12-19 09:09:28] event.DEBUG: Notified event "kernel.request" to listener "SSOBundle\EventListener\SSOAuthEventListener::onKernelRequest". [] []
[2017-12-19 09:09:28] event.DEBUG: Notified event "kernel.request" to listener "closure". [] []
[2017-12-19 09:09:28] event.DEBUG: Notified event "kernel.request" to listener "TroubleticketBundle\EventListener\LocaleListener::onKernelRequest". [] []
[2017-12-19 09:09:28] event.DEBUG: Notified event "kernel.request" to listener "closure". [] []
[2017-12-19 09:09:28] event.DEBUG: Notified event "kernel.request" to listener "Symfony\Component\HttpKernel\EventListener\ErrorsLoggerListener::injectLogger". [] []
[2017-12-19 09:09:28] event.DEBUG: Notified event "kernel.request" to listener "closure". [] []
[2017-12-19 09:09:28] event.DEBUG: Notified event "kernel.request" to listener "Symfony\Component\HttpKernel\EventListener\ErrorsLoggerListener::injectLogger". [] []
[2017-12-19 09:09:28] event.DEBUG: Notified event "kernel.controller" to listener "Sensio\Bundle\FrameworkExtraBundle\EventListener\ControllerListener::onKernelController". [] []
[2017-12-19 09:09:28] event.DEBUG: Notified event "kernel.controller" to listener "Sensio\Bundle\FrameworkExtraBundle\EventListener\ParamConverterListener::onKernelController". [] []
[2017-12-19 09:09:28] event.DEBUG: Notified event "kernel.controller" to listener "Sensio\Bundle\FrameworkExtraBundle\EventListener\HttpCacheListener::onKernelController". [] []
[2017-12-19 09:09:28] event.DEBUG: Notified event "kernel.controller" to listener "Sensio\Bundle\FrameworkExtraBundle\EventListener\SecurityListener::onKernelController". [] []
[2017-12-19 09:09:28] event.DEBUG: Notified event "kernel.controller" to listener "Sensio\Bundle\FrameworkExtraBundle\EventListener\TemplateListener::onKernelController". [] []
[2017-12-19 09:09:29] event.DEBUG: Notified event "kernel.response" to listener "SSOBundle\EventListener\SSOAuthEventListener::onKernelResponse". [] []
[2017-12-19 09:09:29] app.INFO: onKernelResponse ["2017-12-19 09:09:29"] []
[2017-12-19 09:09:29] event.DEBUG: Notified event "kernel.response" to listener "Symfony\Component\HttpKernel\EventListener\ResponseListener::onKernelResponse". [] []
[2017-12-19 09:09:29] event.DEBUG: Notified event "kernel.response" to listener "Symfony\Component\Security\Http\RememberMe\ResponseListener::onKernelResponse". [] []
[2017-12-19 09:09:29] event.DEBUG: Notified event "kernel.response" to listener "Sensio\Bundle\FrameworkExtraBundle\EventListener\HttpCacheListener::onKernelResponse". [] []
[2017-12-19 09:09:29] event.DEBUG: Notified event "kernel.response" to listener "Symfony\Component\HttpKernel\EventListener\SaveSessionListener::onKernelResponse". [] []
[2017-12-19 09:09:29] event.DEBUG: Notified event "kernel.response" to listener "Symfony\Component\HttpKernel\EventListener\StreamedResponseListener::onKernelResponse". [] []
[2017-12-19 09:09:29] event.DEBUG: Listener "Symfony\Component\HttpKernel\EventListener\ExceptionListener::onKernelException" stopped propagation of the event "kernel.exception". [] []
[2017-12-19 09:09:29] event.DEBUG: Notified event "kernel.response" to listener "SSOBundle\EventListener\SSOAuthEventListener::onKernelResponse". [] []
[2017-12-19 09:09:29] app.INFO: onKernelResponse ["2017-12-19 09:09:29"] []
[2017-12-19 09:09:29] event.DEBUG: Notified event "kernel.response" to listener "Symfony\Component\HttpKernel\EventListener\ResponseListener::onKernelResponse". [] []
[2017-12-19 09:09:29] event.DEBUG: Notified event "kernel.response" to listener "Symfony\Component\Security\Http\RememberMe\ResponseListener::onKernelResponse". [] []
[2017-12-19 09:09:29] event.DEBUG: Notified event "kernel.response" to listener "Sensio\Bundle\FrameworkExtraBundle\EventListener\HttpCacheListener::onKernelResponse". [] []
[2017-12-19 09:09:29] event.DEBUG: Notified event "kernel.response" to listener "Symfony\Component\HttpKernel\EventListener\SaveSessionListener::onKernelResponse". [] []
[2017-12-19 09:09:29] event.DEBUG: Notified event "kernel.response" to listener "Symfony\Component\HttpKernel\EventListener\StreamedResponseListener::onKernelResponse". [] []
[2017-12-19 09:09:29] event.DEBUG: Notified event "kernel.terminate" to listener "Symfony\Bundle\SwiftmailerBundle\EventListener\EmailSenderListener::onTerminate". [] []
[2017-12-19 09:09:28] doctrine.DEBUG: SET NAMES UTF8 [] []
[2017-12-19 09:09:28] doctrine.DEBUG: SET NAMES UTF8 [] []
[2017-12-19 09:09:28] doctrine.DEBUG: SET NAMES UTF8 [] []
[2017-12-19 09:09:28] doctrine.DEBUG: SET NAMES UTF8 [] []
[2017-12-19 09:09:28] event.DEBUG: Notified event "kernel.request" to listener "Symfony\Bundle\FrameworkBundle\EventListener\SessionListener::onKernelRequest". [] []
[2017-12-19 09:09:28] event.DEBUG: Notified event "kernel.request" to listener "Symfony\Component\HttpKernel\EventListener\FragmentListener::onKernelRequest". [] []
[2017-12-19 09:09:28] event.DEBUG: Notified event "kernel.request" to listener "Symfony\Component\HttpKernel\EventListener\RouterListener::onKernelRequest". [] []
[2017-12-19 09:09:28] request.INFO: Matched route "troubleticket_ba_home" (parameters: "_controller": "TroubleticketBundle\Controller\BAController::stackAction", "_route": "troubleticket_ba_home") [] []
[2017-12-19 09:09:28] event.DEBUG: Notified event "kernel.request" to listener "Symfony\Component\HttpKernel\EventListener\LocaleListener::onKernelRequest". [] []
[2017-12-19 09:09:28] event.DEBUG: Notified event "kernel.request" to listener "Symfony\Component\Security\Http\Firewall::onKernelRequest". [] []
[2017-12-19 09:09:28] security.INFO: Populated SecurityContext with an anonymous Token [] []
[2017-12-19 09:09:28] event.DEBUG: Notified event "kernel.request" to listener "SSOBundle\EventListener\SSOAuthEventListener::onKernelRequest". [] []
[2017-12-19 09:09:28] event.DEBUG: Notified event "kernel.request" to listener "TroubleticketBundle\EventListener\LocaleListener::onKernelRequest". [] []
[2017-12-19 09:09:28] event.DEBUG: Notified event "kernel.request" to listener "Symfony\Component\HttpKernel\EventListener\ErrorsLoggerListener::injectLogger". [] []
[2017-12-19 09:09:28] event.DEBUG: Notified event "kernel.request" to listener "Symfony\Component\HttpKernel\EventListener\ErrorsLoggerListener::injectLogger". [] []
[2017-12-19 09:09:28] event.DEBUG: Notified event "kernel.controller" to listener "Sensio\Bundle\FrameworkExtraBundle\EventListener\ControllerListener::onKernelController". [] []
[2017-12-19 09:09:28] event.DEBUG: Notified event "kernel.controller" to listener "Sensio\Bundle\FrameworkExtraBundle\EventListener\ParamConverterListener::onKernelController". [] []
[2017-12-19 09:09:28] event.DEBUG: Notified event "kernel.controller" to listener "Sensio\Bundle\FrameworkExtraBundle\EventListener\HttpCacheListener::onKernelController". [] []
[2017-12-19 09:09:28] event.DEBUG: Notified event "kernel.controller" to listener "Sensio\Bundle\FrameworkExtraBundle\EventListener\SecurityListener::onKernelController". [] []
[2017-12-19 09:09:28] event.DEBUG: Notified event "kernel.controller" to listener "Sensio\Bundle\FrameworkExtraBundle\EventListener\TemplateListener::onKernelController". [] []
[2017-12-19 09:09:28] doctrine.DEBUG:              SELECT DISTINCT UPPER(nivel) AS nivel               FROM troubleticket.clients_cache           ORDER BY nivel          [] []
[2017-12-19 09:09:29] event.DEBUG: Notified event "kernel.exception" to listener "Symfony\Component\Security\Http\Firewall\ExceptionListener::onKernelException". [] []
[2017-12-19 09:09:29] event.DEBUG: Notified event "kernel.exception" to listener "TroubleticketBundle\EventListener\ErrorHandlerListener::onKernelException". [] []
[2017-12-19 09:09:29] event.DEBUG: Notified event "kernel.exception" to listener "Symfony\Component\HttpKernel\EventListener\ExceptionListener::onKernelException". [] []
[2017-12-19 09:09:29] request.CRITICAL: Uncaught PHP Exception Twig_Error_Runtime: "An exception has been thrown during the rendering of a template ("Ocorreu um erro ao obter os dados de colaboradores!") in "TroubleticketBundle:menu:menu.html.twig"." at /var/www/html/vendor/twig/twig/lib/Twig/Template.php line 182 {"exception":"[object] (Twig_Error_Runtime(code: 0): An exception has been thrown during the rendering of a template (\"Ocorreu um erro ao obter os dados de colaboradores!\") in \"TroubleticketBundle:menu:menu.html.twig\". at /var/www/html/vendor/twig/twig/lib/Twig/Template.php:182, TroubleticketBundle\\Exception\\TroubleticketBundleException(code: 0): Ocorreu um erro ao obter os dados de colaboradores! at /var/www/html/src/TroubleticketBundle/Api/ColaboradorApi.php:63)"} []
[2017-12-19 09:09:29] event.DEBUG: Notified event "kernel.request" to listener "Symfony\Bundle\FrameworkBundle\EventListener\SessionListener::onKernelRequest". [] []
[2017-12-19 09:09:29] event.DEBUG: Notified event "kernel.request" to listener "Symfony\Component\HttpKernel\EventListener\FragmentListener::onKernelRequest". [] []
[2017-12-19 09:09:29] event.DEBUG: Notified event "kernel.request" to listener "Symfony\Component\HttpKernel\EventListener\RouterListener::onKernelRequest". [] []
[2017-12-19 09:09:29] event.DEBUG: Notified event "kernel.request" to listener "Symfony\Component\HttpKernel\EventListener\LocaleListener::onKernelRequest". [] []
[2017-12-19 09:09:29] event.DEBUG: Notified event "kernel.request" to listener "Symfony\Component\Security\Http\Firewall::onKernelRequest". [] []
[2017-12-19 09:09:29] event.DEBUG: Notified event "kernel.request" to listener "SSOBundle\EventListener\SSOAuthEventListener::onKernelRequest". [] []
[2017-12-19 09:09:29] event.DEBUG: Notified event "kernel.request" to listener "TroubleticketBundle\EventListener\LocaleListener::onKernelRequest". [] []
[2017-12-19 09:09:29] event.DEBUG: Notified event "kernel.request" to listener "Symfony\Component\HttpKernel\EventListener\ErrorsLoggerListener::injectLogger". [] []
[2017-12-19 09:09:29] event.DEBUG: Notified event "kernel.request" to listener "Symfony\Component\HttpKernel\EventListener\ErrorsLoggerListener::injectLogger". [] []
[2017-12-19 09:09:29] event.DEBUG: Notified event "kernel.controller" to listener "Sensio\Bundle\FrameworkExtraBundle\EventListener\ControllerListener::onKernelController". [] []
[2017-12-19 09:09:29] event.DEBUG: Notified event "kernel.controller" to listener "Sensio\Bundle\FrameworkExtraBundle\EventListener\ParamConverterListener::onKernelController". [] []
[2017-12-19 09:09:29] event.DEBUG: Notified event "kernel.controller" to listener "Sensio\Bundle\FrameworkExtraBundle\EventListener\HttpCacheListener::onKernelController". [] []
[2017-12-19 09:09:29] event.DEBUG: Notified event "kernel.controller" to listener "Sensio\Bundle\FrameworkExtraBundle\EventListener\SecurityListener::onKernelController". [] []
[2017-12-19 09:09:29] event.DEBUG: Notified event "kernel.controller" to listener "Sensio\Bundle\FrameworkExtraBundle\EventListener\TemplateListener::onKernelController". [] []
[2017-12-19 09:09:29] event.DEBUG: Notified event "kernel.response" to listener "SSOBundle\EventListener\SSOAuthEventListener::onKernelResponse". [] []
[2017-12-19 09:09:29] app.INFO: onKernelResponse ["2017-12-19 09:09:29"] []
[2017-12-19 09:09:29] event.DEBUG: Notified event "kernel.response" to listener "Symfony\Component\Security\Http\Firewall\ContextListener::onKernelResponse". [] []
[2017-12-19 09:09:29] event.DEBUG: Notified event "kernel.response" to listener "Symfony\Component\HttpKernel\EventListener\ResponseListener::onKernelResponse". [] []
[2017-12-19 09:09:29] event.DEBUG: Notified event "kernel.response" to listener "Symfony\Component\Security\Http\RememberMe\ResponseListener::onKernelResponse". [] []
[2017-12-19 09:09:29] event.DEBUG: Notified event "kernel.response" to listener "Sensio\Bundle\FrameworkExtraBundle\EventListener\HttpCacheListener::onKernelResponse". [] []
[2017-12-19 09:09:29] event.DEBUG: Notified event "kernel.response" to listener "Symfony\Component\HttpKernel\EventListener\SaveSessionListener::onKernelResponse". [] []
[2017-12-19 09:09:29] event.DEBUG: Notified event "kernel.response" to listener "Symfony\Component\HttpKernel\EventListener\StreamedResponseListener::onKernelResponse". [] []
[2017-12-19 09:09:29] event.DEBUG: Listener "Symfony\Component\HttpKernel\EventListener\ExceptionListener::onKernelException" stopped propagation of the event "kernel.exception". [] []
[2017-12-19 09:09:29] event.DEBUG: Notified event "kernel.response" to listener "SSOBundle\EventListener\SSOAuthEventListener::onKernelResponse". [] []
[2017-12-19 09:09:29] app.INFO: onKernelResponse ["2017-12-19 09:09:29"] []
[2017-12-19 09:09:29] event.DEBUG: Notified event "kernel.response" to listener "Symfony\Component\Security\Http\Firewall\ContextListener::onKernelResponse". [] []
[2017-12-19 09:09:29] security.DEBUG: Write SecurityContext in the session [] []
[2017-12-19 09:09:29] event.DEBUG: Notified event "kernel.response" to listener "Symfony\Component\HttpKernel\EventListener\ResponseListener::onKernelResponse". [] []
[2017-12-19 09:09:29] event.DEBUG: Notified event "kernel.response" to listener "Symfony\Component\Security\Http\RememberMe\ResponseListener::onKernelResponse". [] []
[2017-12-19 09:09:29] event.DEBUG: Notified event "kernel.response" to listener "Sensio\Bundle\FrameworkExtraBundle\EventListener\HttpCacheListener::onKernelResponse". [] []
[2017-12-19 09:09:29] event.DEBUG: Notified event "kernel.response" to listener "Symfony\Component\HttpKernel\EventListener\SaveSessionListener::onKernelResponse". [] []
[2017-12-19 09:09:29] event.DEBUG: Notified event "kernel.response" to listener "Symfony\Component\HttpKernel\EventListener\StreamedResponseListener::onKernelResponse". [] []
[2017-12-19 09:09:29] event.DEBUG: Notified event "kernel.terminate" to listener "Symfony\Bundle\SwiftmailerBundle\EventListener\EmailSenderListener::onTerminate". [] []
[2017-12-19 09:10:04] event.DEBUG: Notified event "kernel.request" to listener "Symfony\Bundle\FrameworkBundle\EventListener\SessionListener::onKernelRequest". [] []
[2017-12-19 09:10:04] event.DEBUG: Notified event "kernel.request" to listener "Symfony\Component\HttpKernel\EventListener\FragmentListener::onKernelRequest". [] []
[2017-12-19 09:10:04] event.DEBUG: Notified event "kernel.request" to listener "Symfony\Component\HttpKernel\EventListener\RouterListener::onKernelRequest". [] []
[2017-12-19 09:10:04] event.DEBUG: Notified event "kernel.exception" to listener "TroubleticketBundle\EventListener\ErrorHandlerListener::onKernelException". [] []
[2017-12-19 09:10:04] event.DEBUG: Notified event "kernel.exception" to listener "Symfony\Component\HttpKernel\EventListener\ExceptionListener::onKernelException". [] []
[2017-12-19 09:10:04] request.ERROR: Uncaught PHP Exception Symfony\Component\HttpKernel\Exception\NotFoundHttpException: "No route found for "GET /vogel/web/rest/colaborador/312"" at /var/www/html/app/cache/prod/classes.php line 1899 {"exception":"[object] (Symfony\\Component\\HttpKernel\\Exception\\NotFoundHttpException(code: 0): No route found for \"GET /vogel/web/rest/colaborador/312\" at /var/www/html/app/cache/prod/classes.php:1899, Symfony\\Component\\Routing\\Exception\\ResourceNotFoundException(code: 0):  at /var/www/html/app/cache/prod/appProdUrlMatcher.php:936)"} []
[2017-12-19 09:10:04] event.DEBUG: Notified event "kernel.request" to listener "closure". [] []
[2017-12-19 09:10:04] event.DEBUG: Notified event "kernel.request" to listener "Symfony\Bundle\FrameworkBundle\EventListener\SessionListener::onKernelRequest". [] []
[2017-12-19 09:10:04] event.DEBUG: Notified event "kernel.request" to listener "closure". [] []
[2017-12-19 09:10:04] event.DEBUG: Notified event "kernel.request" to listener "Symfony\Component\HttpKernel\EventListener\FragmentListener::onKernelRequest". [] []
[2017-12-19 09:10:04] event.DEBUG: Notified event "kernel.request" to listener "closure". [] []
[2017-12-19 09:10:04] event.DEBUG: Notified event "kernel.request" to listener "Symfony\Component\HttpKernel\EventListener\RouterListener::onKernelRequest". [] []
[2017-12-19 09:10:04] event.DEBUG: Notified event "kernel.request" to listener "closure". [] []
[2017-12-19 09:10:04] event.DEBUG: Notified event "kernel.request" to listener "Symfony\Component\HttpKernel\EventListener\LocaleListener::onKernelRequest". [] []
[2017-12-19 09:10:04] event.DEBUG: Notified event "kernel.request" to listener "closure". [] []
[2017-12-19 09:10:04] event.DEBUG: Notified event "kernel.request" to listener "Symfony\Component\Security\Http\Firewall::onKernelRequest". [] []
[2017-12-19 09:10:04] event.DEBUG: Notified event "kernel.request" to listener "closure". [] []
[2017-12-19 09:10:04] event.DEBUG: Notified event "kernel.request" to listener "SSOBundle\EventListener\SSOAuthEventListener::onKernelRequest". [] []
[2017-12-19 09:10:04] event.DEBUG: Notified event "kernel.request" to listener "closure". [] []
[2017-12-19 09:10:04] event.DEBUG: Notified event "kernel.request" to listener "TroubleticketBundle\EventListener\LocaleListener::onKernelRequest". [] []
[2017-12-19 09:10:04] event.DEBUG: Notified event "kernel.request" to listener "closure". [] []
[2017-12-19 09:10:04] event.DEBUG: Notified event "kernel.request" to listener "Symfony\Component\HttpKernel\EventListener\ErrorsLoggerListener::injectLogger". [] []
[2017-12-19 09:10:04] event.DEBUG: Notified event "kernel.request" to listener "closure". [] []
[2017-12-19 09:10:04] event.DEBUG: Notified event "kernel.request" to listener "Symfony\Component\HttpKernel\EventListener\ErrorsLoggerListener::injectLogger". [] []
[2017-12-19 09:10:04] event.DEBUG: Notified event "kernel.controller" to listener "Sensio\Bundle\FrameworkExtraBundle\EventListener\ControllerListener::onKernelController". [] []
[2017-12-19 09:10:04] event.DEBUG: Notified event "kernel.controller" to listener "Sensio\Bundle\FrameworkExtraBundle\EventListener\ParamConverterListener::onKernelController". [] []
[2017-12-19 09:10:04] event.DEBUG: Notified event "kernel.controller" to listener "Sensio\Bundle\FrameworkExtraBundle\EventListener\HttpCacheListener::onKernelController". [] []
[2017-12-19 09:10:04] event.DEBUG: Notified event "kernel.controller" to listener "Sensio\Bundle\FrameworkExtraBundle\EventListener\SecurityListener::onKernelController". [] []
[2017-12-19 09:10:04] event.DEBUG: Notified event "kernel.controller" to listener "Sensio\Bundle\FrameworkExtraBundle\EventListener\TemplateListener::onKernelController". [] []
[2017-12-19 09:10:05] event.DEBUG: Notified event "kernel.response" to listener "SSOBundle\EventListener\SSOAuthEventListener::onKernelResponse". [] []
[2017-12-19 09:10:05] app.INFO: onKernelResponse ["2017-12-19 09:10:05"] []
[2017-12-19 09:10:05] event.DEBUG: Notified event "kernel.response" to listener "Symfony\Component\HttpKernel\EventListener\ResponseListener::onKernelResponse". [] []
[2017-12-19 09:10:05] event.DEBUG: Notified event "kernel.response" to listener "Symfony\Component\Security\Http\RememberMe\ResponseListener::onKernelResponse". [] []
[2017-12-19 09:10:05] event.DEBUG: Notified event "kernel.response" to listener "Sensio\Bundle\FrameworkExtraBundle\EventListener\HttpCacheListener::onKernelResponse". [] []
[2017-12-19 09:10:05] event.DEBUG: Notified event "kernel.response" to listener "Symfony\Component\HttpKernel\EventListener\SaveSessionListener::onKernelResponse". [] []
[2017-12-19 09:10:05] event.DEBUG: Notified event "kernel.response" to listener "Symfony\Component\HttpKernel\EventListener\StreamedResponseListener::onKernelResponse". [] []
[2017-12-19 09:10:05] event.DEBUG: Listener "Symfony\Component\HttpKernel\EventListener\ExceptionListener::onKernelException" stopped propagation of the event "kernel.exception". [] []
[2017-12-19 09:10:05] event.DEBUG: Notified event "kernel.response" to listener "SSOBundle\EventListener\SSOAuthEventListener::onKernelResponse". [] []
[2017-12-19 09:10:05] app.INFO: onKernelResponse ["2017-12-19 09:10:05"] []
[2017-12-19 09:10:05] event.DEBUG: Notified event "kernel.response" to listener "Symfony\Component\HttpKernel\EventListener\ResponseListener::onKernelResponse". [] []
[2017-12-19 09:10:05] event.DEBUG: Notified event "kernel.response" to listener "Symfony\Component\Security\Http\RememberMe\ResponseListener::onKernelResponse". [] []
[2017-12-19 09:10:05] event.DEBUG: Notified event "kernel.response" to listener "Sensio\Bundle\FrameworkExtraBundle\EventListener\HttpCacheListener::onKernelResponse". [] []
[2017-12-19 09:10:05] event.DEBUG: Notified event "kernel.response" to listener "Symfony\Component\HttpKernel\EventListener\SaveSessionListener::onKernelResponse". [] []
[2017-12-19 09:10:05] event.DEBUG: Notified event "kernel.response" to listener "Symfony\Component\HttpKernel\EventListener\StreamedResponseListener::onKernelResponse". [] []
[2017-12-19 09:10:05] event.DEBUG: Notified event "kernel.terminate" to listener "Symfony\Bundle\SwiftmailerBundle\EventListener\EmailSenderListener::onTerminate". [] []
